\BOOKMARK [1][-]{section.1}{1. A slogan}{}% 1
\BOOKMARK [1][-]{section.2}{2. Classical category theory}{}% 2
\BOOKMARK [2][-]{subsection.2.1}{2.1. }{section.2}% 3
\BOOKMARK [2][-]{subsection.2.3}{2.3. }{section.2}% 4
\BOOKMARK [2][-]{subsection.2.4}{2.4. }{section.2}% 5
\BOOKMARK [1][-]{section.3}{3. Towards higher categories}{}% 6
\BOOKMARK [2][-]{subsection.3.1}{3.1. }{section.3}% 7
\BOOKMARK [2][-]{subsection.3.3}{3.3. }{section.3}% 8
\BOOKMARK [2][-]{subsection.3.5}{3.5. }{section.3}% 9
\BOOKMARK [2][-]{subsection.3.6}{3.6. }{section.3}% 10
\BOOKMARK [2][-]{subsection.3.7}{3.7. }{section.3}% 11
\BOOKMARK [2][-]{subsection.3.8}{3.8. }{section.3}% 12
\BOOKMARK [2][-]{subsection.3.10}{3.10. }{section.3}% 13
\BOOKMARK [2][-]{subsection.3.11}{3.11. }{section.3}% 14
\BOOKMARK [1][-]{section.4}{4. Homotopy hypothesis}{}% 15
\BOOKMARK [2][-]{subsection.4.1}{4.1. }{section.4}% 16
\BOOKMARK [2][-]{subsection.4.3}{4.3. }{section.4}% 17
\BOOKMARK [2][-]{subsection.4.6}{4.6. }{section.4}% 18
\BOOKMARK [2][-]{subsection.4.8}{4.8. }{section.4}% 19
\BOOKMARK [2][-]{subsection.4.10}{4.10. }{section.4}% 20
\BOOKMARK [2][-]{subsection.4.13}{4.13. }{section.4}% 21
\BOOKMARK [2][-]{subsection.4.15}{4.15. }{section.4}% 22
\BOOKMARK [2][-]{subsection.4.18}{4.18. }{section.4}% 23
\BOOKMARK [2][-]{subsection.4.20}{4.20. }{section.4}% 24
\BOOKMARK [2][-]{subsection.4.21}{4.21. }{section.4}% 25
\BOOKMARK [2][-]{subsection.4.23}{4.23. }{section.4}% 26
\BOOKMARK [1][-]{section*.1}{References}{}% 27
